2023.04.29 13:06:52 INFO  Started: Metals version 0.11.12 in workspace 'C:\Users\Tien Duong\N0tAKn1ght.github.io' for client Visual Studio Code 1.77.3.
Apr 29, 2023 1:06:52 PM org.flywaydb.core.internal.license.VersionPrinter printVersionOnly
INFO: Flyway Community Edition 9.16.3 by Redgate
Apr 29, 2023 1:06:52 PM org.flywaydb.core.internal.license.VersionPrinter printVersion
INFO: See release notes here: https://rd.gt/416ObMi
Apr 29, 2023 1:06:52 PM org.flywaydb.core.internal.license.VersionPrinter printVersion
INFO: 
Apr 29, 2023 1:06:52 PM org.flywaydb.core.internal.database.base.BaseDatabaseType createDatabase
INFO: Database: jdbc:h2:file:C:\Users\Tien Duong\N0tAKn1ght.github.io\.metals\metals (H2 2.1)
Apr 29, 2023 1:06:52 PM org.flywaydb.core.internal.schemahistory.JdbcTableSchemaHistory allAppliedMigrations
INFO: Schema history table "PUBLIC"."flyway_schema_history" does not exist yet
Apr 29, 2023 1:06:52 PM org.flywaydb.core.internal.command.DbValidate validate
INFO: Successfully validated 4 migrations (execution time 00:00.012s)
Apr 29, 2023 1:06:52 PM org.flywaydb.core.internal.schemahistory.JdbcTableSchemaHistory create
INFO: Creating Schema History table "PUBLIC"."flyway_schema_history" ...
Apr 29, 2023 1:06:52 PM org.flywaydb.core.internal.command.DbMigrate migrateGroup
INFO: Current version of schema "PUBLIC": << Empty Schema >>
Apr 29, 2023 1:06:52 PM org.flywaydb.core.internal.command.DbMigrate doMigrateGroup
INFO: Migrating schema "PUBLIC" to version "1 - Create tables"
Apr 29, 2023 1:06:52 PM org.flywaydb.core.internal.command.DbMigrate doMigrateGroup
INFO: Migrating schema "PUBLIC" to version "2 - Server discovery"
Apr 29, 2023 1:06:52 PM org.flywaydb.core.internal.command.DbMigrate doMigrateGroup
INFO: Migrating schema "PUBLIC" to version "3 - Jar symbols"
Apr 29, 2023 1:06:52 PM org.flywaydb.core.internal.command.DbMigrate doMigrateGroup
INFO: Migrating schema "PUBLIC" to version "4 - Fingerprints"
Apr 29, 2023 1:06:52 PM org.flywaydb.core.internal.command.DbMigrate logSummary
INFO: Successfully applied 4 migrations to schema "PUBLIC", now at version v4 (execution time 00:00.033s)
2023.04.29 13:06:52 INFO  time: initialize in 0.42s
2023.04.29 13:06:52 WARN  Build server is not auto-connectable.
2023.04.29 13:06:52 WARN  no build tool detected in workspace 'C:\Users\Tien Duong\N0tAKn1ght.github.io'. The most common cause for this problem is that the editor was opened in the wrong working directory, for example if you use sbt then the workspace directory should contain build.sbt. 
